{
  "RSpec": {
    "coverage": {
      "/Users/calumwiddall/Documents/programming/weekend-challenges/Takeaway/spec/menu_spec.rb": [
        1,
        null,
        1,
        null,
        2,
        1,
        null,
        1,
        1,
        1,
        2,
        null,
        null,
        null
      ],
      "/Users/calumwiddall/Documents/programming/weekend-challenges/Takeaway/lib/menu.rb": [
        1,
        null,
        1,
        null,
        1,
        5,
        null,
        null,
        null,
        null,
        null,
        null,
        null,
        null,
        1,
        1,
        1,
        null,
        null,
        null
      ],
      "/Users/calumwiddall/Documents/programming/weekend-challenges/Takeaway/spec/order_spec.rb": [
        1,
        null,
        1,
        null,
        3,
        3,
        null,
        1,
        1,
        1,
        null,
        null,
        1,
        1,
        2,
        null,
        null,
        null
      ],
      "/Users/calumwiddall/Documents/programming/weekend-challenges/Takeaway/lib/order.rb": [
        1,
        1,
        1,
        null,
        1,
        6,
        null,
        null,
        1,
        2,
        2,
        4,
        null,
        2,
        null,
        null,
        1,
        1,
        3,
        1,
        null,
        null,
        null
      ],
      "/Users/calumwiddall/Documents/programming/weekend-challenges/Takeaway/spec/shop_spec.rb": [
        1,
        1,
        null,
        1,
        5,
        1,
        2,
        null,
        1,
        1,
        1,
        1,
        1,
        null,
        1,
        1,
        1,
        1,
        null,
        1,
        2,
        null,
        null,
        1,
        1,
        1,
        1,
        null,
        null,
        null
      ],
      "/Users/calumwiddall/Documents/programming/weekend-challenges/Takeaway/lib/shop.rb": [
        1,
        1,
        1,
        null,
        1,
        null,
        1,
        null,
        1,
        null,
        1,
        4,
        4,
        4,
        null,
        null,
        1,
        0,
        null,
        null,
        1,
        3,
        5,
        null,
        null,
        1,
        1,
        1,
        null,
        null,
        1,
        null,
        1,
        0,
        0,
        null,
        null,
        1,
        0,
        null,
        null,
        1,
        0,
        null,
        null,
        1,
        1,
        null,
        null
      ],
      "/Users/calumwiddall/Documents/programming/weekend-challenges/Takeaway/lib/twilio_integration.rb": [
        1,
        1,
        1,
        null,
        1,
        1,
        1,
        1,
        1,
        null,
        1,
        0,
        0,
        null,
        null,
        null,
        null,
        null,
        null
      ]
    },
    "timestamp": 1512389964
  }
}
